{"C:\\Proyectos\\ejercicio\\javascript-exercise\\index.js": {"path":"C:\\Proyectos\\ejercicio\\javascript-exercise\\index.js","statementMap":{"0":{"start":{"line":1,"column":11},"end":{"line":1,"column":26}},"1":{"start":{"line":2,"column":30},"end":{"line":2,"column":48}},"2":{"start":{"line":4,"column":19},"end":{"line":28,"column":1}},"3":{"start":{"line":5,"column":2},"end":{"line":27,"column":15}},"4":{"start":{"line":9,"column":4},"end":{"line":9,"column":50}},"5":{"start":{"line":11,"column":4},"end":{"line":11,"column":20}},"6":{"start":{"line":12,"column":4},"end":{"line":12,"column":88}},"7":{"start":{"line":13,"column":4},"end":{"line":13,"column":20}},"8":{"start":{"line":14,"column":4},"end":{"line":14,"column":68}},"9":{"start":{"line":15,"column":4},"end":{"line":15,"column":20}},"10":{"start":{"line":17,"column":4},"end":{"line":17,"column":96}},"11":{"start":{"line":24,"column":4},"end":{"line":24,"column":14}},"12":{"start":{"line":31,"column":12},"end":{"line":33,"column":1}},"13":{"start":{"line":32,"column":2},"end":{"line":32,"column":15}},"14":{"start":{"line":35,"column":26},"end":{"line":44,"column":1}},"15":{"start":{"line":37,"column":2},"end":{"line":43,"column":29}},"16":{"start":{"line":39,"column":30},"end":{"line":39,"column":43}},"17":{"start":{"line":40,"column":4},"end":{"line":40,"column":76}},"18":{"start":{"line":43,"column":7},"end":{"line":43,"column":29}},"19":{"start":{"line":46,"column":19},"end":{"line":58,"column":1}},"20":{"start":{"line":48,"column":16},"end":{"line":48,"column":18}},"21":{"start":{"line":50,"column":1},"end":{"line":55,"column":2}},"22":{"start":{"line":51,"column":2},"end":{"line":54,"column":3}},"23":{"start":{"line":52,"column":19},"end":{"line":52,"column":42}},"24":{"start":{"line":53,"column":6},"end":{"line":53,"column":26}},"25":{"start":{"line":56,"column":1},"end":{"line":56,"column":17}},"26":{"start":{"line":61,"column":16},"end":{"line":67,"column":3}},"27":{"start":{"line":63,"column":2},"end":{"line":66,"column":63}},"28":{"start":{"line":64,"column":6},"end":{"line":64,"column":30}},"29":{"start":{"line":66,"column":6},"end":{"line":66,"column":63}},"30":{"start":{"line":69,"column":0},"end":{"line":69,"column":13}},"31":{"start":{"line":70,"column":0},"end":{"line":70,"column":32}},"32":{"start":{"line":71,"column":0},"end":{"line":71,"column":18}},"33":{"start":{"line":72,"column":0},"end":{"line":72,"column":46}},"34":{"start":{"line":73,"column":0},"end":{"line":73,"column":32}},"35":{"start":{"line":74,"column":0},"end":{"line":74,"column":26}}},"fnMap":{"0":{"name":"(anonymous_0)","decl":{"start":{"line":4,"column":19},"end":{"line":4,"column":20}},"loc":{"start":{"line":4,"column":25},"end":{"line":28,"column":1}},"line":4},"1":{"name":"(anonymous_1)","decl":{"start":{"line":6,"column":16},"end":{"line":6,"column":17}},"loc":{"start":{"line":6,"column":36},"end":{"line":26,"column":3}},"line":6},"2":{"name":"(anonymous_2)","decl":{"start":{"line":31,"column":12},"end":{"line":31,"column":13}},"loc":{"start":{"line":31,"column":22},"end":{"line":33,"column":1}},"line":31},"3":{"name":"(anonymous_3)","decl":{"start":{"line":35,"column":26},"end":{"line":35,"column":27}},"loc":{"start":{"line":35,"column":35},"end":{"line":44,"column":1}},"line":35},"4":{"name":"(anonymous_4)","decl":{"start":{"line":46,"column":19},"end":{"line":46,"column":20}},"loc":{"start":{"line":46,"column":28},"end":{"line":58,"column":1}},"line":46},"5":{"name":"(anonymous_5)","decl":{"start":{"line":61,"column":16},"end":{"line":61,"column":17}},"loc":{"start":{"line":61,"column":32},"end":{"line":67,"column":3}},"line":61}},"branchMap":{"0":{"loc":{"start":{"line":37,"column":2},"end":{"line":43,"column":29}},"type":"if","locations":[{"start":{"line":37,"column":2},"end":{"line":43,"column":29}},{"start":{"line":43,"column":7},"end":{"line":43,"column":29}}],"line":37},"1":{"loc":{"start":{"line":37,"column":5},"end":{"line":37,"column":42}},"type":"binary-expr","locations":[{"start":{"line":37,"column":6},"end":{"line":37,"column":23}},{"start":{"line":37,"column":29},"end":{"line":37,"column":41}}],"line":37},"2":{"loc":{"start":{"line":51,"column":2},"end":{"line":54,"column":3}},"type":"if","locations":[{"start":{"line":51,"column":2},"end":{"line":54,"column":3}},{"start":{},"end":{}}],"line":51},"3":{"loc":{"start":{"line":63,"column":2},"end":{"line":66,"column":63}},"type":"if","locations":[{"start":{"line":63,"column":2},"end":{"line":66,"column":63}},{"start":{"line":66,"column":6},"end":{"line":66,"column":63}}],"line":63},"4":{"loc":{"start":{"line":63,"column":5},"end":{"line":63,"column":124}},"type":"binary-expr","locations":[{"start":{"line":63,"column":6},"end":{"line":63,"column":62}},{"start":{"line":63,"column":67},"end":{"line":63,"column":123}}],"line":63}},"s":{"0":1,"1":1,"2":1,"3":1,"4":0,"5":0,"6":0,"7":0,"8":0,"9":0,"10":0,"11":0,"12":1,"13":1,"14":1,"15":1,"16":1,"17":1,"18":0,"19":1,"20":1,"21":1,"22":3,"23":3,"24":3,"25":1,"26":1,"27":1,"28":0,"29":1,"30":1,"31":1,"32":1,"33":1,"34":1,"35":1},"f":{"0":1,"1":0,"2":1,"3":1,"4":1,"5":1},"b":{"0":[1,0],"1":[1,1],"2":[3,0],"3":[0,1],"4":[1,1]},"_coverageSchema":"1a1c01bbd47fc00a2c39e90264f33305004495a9","hash":"8f9f15ba112ae5a20217a5ed7a848dce4018815d"}
}
