{"C:\\Proyectos\\ejercicio\\javascript-exercise\\index.js": {"path":"C:\\Proyectos\\ejercicio\\javascript-exercise\\index.js","statementMap":{"0":{"start":{"line":2,"column":11},"end":{"line":2,"column":26}},"1":{"start":{"line":6,"column":19},"end":{"line":36,"column":1}},"2":{"start":{"line":7,"column":2},"end":{"line":35,"column":15}},"3":{"start":{"line":11,"column":4},"end":{"line":11,"column":50}},"4":{"start":{"line":13,"column":4},"end":{"line":13,"column":20}},"5":{"start":{"line":14,"column":4},"end":{"line":14,"column":88}},"6":{"start":{"line":15,"column":4},"end":{"line":15,"column":20}},"7":{"start":{"line":16,"column":4},"end":{"line":16,"column":68}},"8":{"start":{"line":17,"column":4},"end":{"line":17,"column":20}},"9":{"start":{"line":19,"column":4},"end":{"line":19,"column":96}},"10":{"start":{"line":20,"column":4},"end":{"line":20,"column":20}},"11":{"start":{"line":21,"column":4},"end":{"line":21,"column":139}},"12":{"start":{"line":22,"column":4},"end":{"line":22,"column":20}},"13":{"start":{"line":23,"column":4},"end":{"line":23,"column":121}},"14":{"start":{"line":24,"column":4},"end":{"line":24,"column":20}},"15":{"start":{"line":25,"column":4},"end":{"line":25,"column":117}},"16":{"start":{"line":32,"column":4},"end":{"line":32,"column":14}},"17":{"start":{"line":39,"column":12},"end":{"line":41,"column":1}},"18":{"start":{"line":40,"column":2},"end":{"line":40,"column":15}},"19":{"start":{"line":43,"column":26},"end":{"line":52,"column":1}},"20":{"start":{"line":45,"column":2},"end":{"line":51,"column":29}},"21":{"start":{"line":47,"column":30},"end":{"line":47,"column":43}},"22":{"start":{"line":48,"column":4},"end":{"line":48,"column":76}},"23":{"start":{"line":51,"column":7},"end":{"line":51,"column":29}},"24":{"start":{"line":54,"column":19},"end":{"line":66,"column":1}},"25":{"start":{"line":56,"column":16},"end":{"line":56,"column":18}},"26":{"start":{"line":58,"column":1},"end":{"line":63,"column":2}},"27":{"start":{"line":59,"column":2},"end":{"line":62,"column":3}},"28":{"start":{"line":60,"column":19},"end":{"line":60,"column":42}},"29":{"start":{"line":61,"column":6},"end":{"line":61,"column":26}},"30":{"start":{"line":64,"column":1},"end":{"line":64,"column":17}},"31":{"start":{"line":68,"column":16},"end":{"line":74,"column":3}},"32":{"start":{"line":70,"column":2},"end":{"line":73,"column":63}},"33":{"start":{"line":71,"column":6},"end":{"line":71,"column":30}},"34":{"start":{"line":73,"column":6},"end":{"line":73,"column":63}},"35":{"start":{"line":77,"column":24},"end":{"line":85,"column":3}},"36":{"start":{"line":79,"column":16},"end":{"line":79,"column":20}},"37":{"start":{"line":81,"column":4},"end":{"line":83,"column":5}},"38":{"start":{"line":81,"column":21},"end":{"line":81,"column":22}},"39":{"start":{"line":82,"column":7},"end":{"line":82,"column":68}},"40":{"start":{"line":84,"column":4},"end":{"line":84,"column":17}},"41":{"start":{"line":87,"column":23},"end":{"line":134,"column":3}},"42":{"start":{"line":89,"column":12},"end":{"line":89,"column":22}},"43":{"start":{"line":92,"column":2},"end":{"line":132,"column":5}},"44":{"start":{"line":94,"column":19},"end":{"line":94,"column":37}},"45":{"start":{"line":95,"column":6},"end":{"line":95,"column":46}},"46":{"start":{"line":96,"column":6},"end":{"line":96,"column":106}},"47":{"start":{"line":98,"column":6},"end":{"line":107,"column":7}},"48":{"start":{"line":100,"column":8},"end":{"line":100,"column":47}},"49":{"start":{"line":101,"column":8},"end":{"line":101,"column":38}},"50":{"start":{"line":105,"column":8},"end":{"line":105,"column":29}},"51":{"start":{"line":106,"column":8},"end":{"line":106,"column":29}},"52":{"start":{"line":109,"column":28},"end":{"line":122,"column":6}},"53":{"start":{"line":111,"column":22},"end":{"line":111,"column":33}},"54":{"start":{"line":112,"column":28},"end":{"line":112,"column":58}},"55":{"start":{"line":114,"column":8},"end":{"line":121,"column":8}},"56":{"start":{"line":115,"column":12},"end":{"line":117,"column":13}},"57":{"start":{"line":115,"column":29},"end":{"line":115,"column":30}},"58":{"start":{"line":116,"column":14},"end":{"line":116,"column":58}},"59":{"start":{"line":118,"column":12},"end":{"line":118,"column":25}},"60":{"start":{"line":120,"column":12},"end":{"line":120,"column":24}},"61":{"start":{"line":124,"column":4},"end":{"line":124,"column":37}},"62":{"start":{"line":125,"column":4},"end":{"line":125,"column":79}},"63":{"start":{"line":126,"column":4},"end":{"line":126,"column":35}},"64":{"start":{"line":128,"column":4},"end":{"line":128,"column":15}},"65":{"start":{"line":131,"column":7},"end":{"line":131,"column":21}},"66":{"start":{"line":136,"column":25},"end":{"line":166,"column":3}},"67":{"start":{"line":138,"column":14},"end":{"line":138,"column":24}},"68":{"start":{"line":140,"column":4},"end":{"line":150,"column":5}},"69":{"start":{"line":140,"column":17},"end":{"line":140,"column":18}},"70":{"start":{"line":141,"column":22},"end":{"line":141,"column":33}},"71":{"start":{"line":143,"column":6},"end":{"line":149,"column":7}},"72":{"start":{"line":143,"column":17},"end":{"line":143,"column":18}},"73":{"start":{"line":145,"column":10},"end":{"line":148,"column":11}},"74":{"start":{"line":146,"column":25},"end":{"line":146,"column":36}},"75":{"start":{"line":147,"column":14},"end":{"line":147,"column":31}},"76":{"start":{"line":152,"column":6},"end":{"line":164,"column":5}},"77":{"start":{"line":153,"column":8},"end":{"line":161,"column":9}},"78":{"start":{"line":155,"column":12},"end":{"line":159,"column":15}},"79":{"start":{"line":156,"column":18},"end":{"line":158,"column":19}},"80":{"start":{"line":157,"column":20},"end":{"line":157,"column":34}},"81":{"start":{"line":165,"column":6},"end":{"line":165,"column":17}},"82":{"start":{"line":168,"column":0},"end":{"line":168,"column":13}},"83":{"start":{"line":169,"column":0},"end":{"line":169,"column":32}},"84":{"start":{"line":170,"column":0},"end":{"line":170,"column":18}},"85":{"start":{"line":171,"column":0},"end":{"line":171,"column":46}},"86":{"start":{"line":172,"column":0},"end":{"line":172,"column":32}},"87":{"start":{"line":173,"column":0},"end":{"line":173,"column":26}},"88":{"start":{"line":174,"column":0},"end":{"line":174,"column":38}},"89":{"start":{"line":175,"column":0},"end":{"line":175,"column":36}},"90":{"start":{"line":176,"column":0},"end":{"line":176,"column":40}}},"fnMap":{"0":{"name":"(anonymous_0)","decl":{"start":{"line":6,"column":19},"end":{"line":6,"column":20}},"loc":{"start":{"line":6,"column":25},"end":{"line":36,"column":1}},"line":6},"1":{"name":"(anonymous_1)","decl":{"start":{"line":8,"column":16},"end":{"line":8,"column":17}},"loc":{"start":{"line":8,"column":36},"end":{"line":34,"column":3}},"line":8},"2":{"name":"(anonymous_2)","decl":{"start":{"line":39,"column":12},"end":{"line":39,"column":13}},"loc":{"start":{"line":39,"column":22},"end":{"line":41,"column":1}},"line":39},"3":{"name":"(anonymous_3)","decl":{"start":{"line":43,"column":26},"end":{"line":43,"column":27}},"loc":{"start":{"line":43,"column":35},"end":{"line":52,"column":1}},"line":43},"4":{"name":"(anonymous_4)","decl":{"start":{"line":54,"column":19},"end":{"line":54,"column":20}},"loc":{"start":{"line":54,"column":28},"end":{"line":66,"column":1}},"line":54},"5":{"name":"(anonymous_5)","decl":{"start":{"line":68,"column":16},"end":{"line":68,"column":17}},"loc":{"start":{"line":68,"column":32},"end":{"line":74,"column":3}},"line":68},"6":{"name":"(anonymous_6)","decl":{"start":{"line":77,"column":24},"end":{"line":77,"column":25}},"loc":{"start":{"line":77,"column":36},"end":{"line":85,"column":3}},"line":77},"7":{"name":"(anonymous_7)","decl":{"start":{"line":87,"column":23},"end":{"line":87,"column":24}},"loc":{"start":{"line":87,"column":37},"end":{"line":134,"column":3}},"line":87},"8":{"name":"(anonymous_8)","decl":{"start":{"line":109,"column":28},"end":{"line":109,"column":29}},"loc":{"start":{"line":109,"column":33},"end":{"line":122,"column":6}},"line":109},"9":{"name":"(anonymous_9)","decl":{"start":{"line":136,"column":25},"end":{"line":136,"column":26}},"loc":{"start":{"line":136,"column":38},"end":{"line":166,"column":3}},"line":136},"10":{"name":"(anonymous_10)","decl":{"start":{"line":155,"column":29},"end":{"line":155,"column":30}},"loc":{"start":{"line":155,"column":40},"end":{"line":159,"column":13}},"line":155}},"branchMap":{"0":{"loc":{"start":{"line":45,"column":2},"end":{"line":51,"column":29}},"type":"if","locations":[{"start":{"line":45,"column":2},"end":{"line":51,"column":29}},{"start":{"line":51,"column":7},"end":{"line":51,"column":29}}],"line":45},"1":{"loc":{"start":{"line":45,"column":5},"end":{"line":45,"column":42}},"type":"binary-expr","locations":[{"start":{"line":45,"column":6},"end":{"line":45,"column":23}},{"start":{"line":45,"column":29},"end":{"line":45,"column":41}}],"line":45},"2":{"loc":{"start":{"line":59,"column":2},"end":{"line":62,"column":3}},"type":"if","locations":[{"start":{"line":59,"column":2},"end":{"line":62,"column":3}},{"start":{},"end":{}}],"line":59},"3":{"loc":{"start":{"line":70,"column":2},"end":{"line":73,"column":63}},"type":"if","locations":[{"start":{"line":70,"column":2},"end":{"line":73,"column":63}},{"start":{"line":73,"column":6},"end":{"line":73,"column":63}}],"line":70},"4":{"loc":{"start":{"line":70,"column":5},"end":{"line":70,"column":124}},"type":"binary-expr","locations":[{"start":{"line":70,"column":6},"end":{"line":70,"column":62}},{"start":{"line":70,"column":67},"end":{"line":70,"column":123}}],"line":70},"5":{"loc":{"start":{"line":98,"column":6},"end":{"line":107,"column":7}},"type":"if","locations":[{"start":{"line":98,"column":6},"end":{"line":107,"column":7}},{"start":{"line":104,"column":6},"end":{"line":107,"column":7}}],"line":98},"6":{"loc":{"start":{"line":114,"column":8},"end":{"line":121,"column":8}},"type":"if","locations":[{"start":{"line":114,"column":8},"end":{"line":121,"column":8}},{"start":{"line":119,"column":13},"end":{"line":121,"column":8}}],"line":114},"7":{"loc":{"start":{"line":145,"column":10},"end":{"line":148,"column":11}},"type":"if","locations":[{"start":{"line":145,"column":10},"end":{"line":148,"column":11}},{"start":{},"end":{}}],"line":145},"8":{"loc":{"start":{"line":153,"column":8},"end":{"line":161,"column":9}},"type":"if","locations":[{"start":{"line":153,"column":8},"end":{"line":161,"column":9}},{"start":{},"end":{}}],"line":153},"9":{"loc":{"start":{"line":156,"column":18},"end":{"line":158,"column":19}},"type":"if","locations":[{"start":{"line":156,"column":18},"end":{"line":158,"column":19}},{"start":{},"end":{}}],"line":156}},"s":{"0":1,"1":1,"2":1,"3":0,"4":0,"5":0,"6":0,"7":0,"8":0,"9":0,"10":0,"11":0,"12":0,"13":0,"14":0,"15":0,"16":0,"17":1,"18":1,"19":1,"20":1,"21":1,"22":1,"23":0,"24":1,"25":1,"26":1,"27":3,"28":3,"29":3,"30":1,"31":1,"32":1,"33":0,"34":1,"35":1,"36":1,"37":1,"38":1,"39":2,"40":1,"41":1,"42":1,"43":1,"44":1,"45":1,"46":1,"47":1,"48":1,"49":1,"50":0,"51":0,"52":1,"53":1,"54":1,"55":1,"56":1,"57":1,"58":1,"59":1,"60":0,"61":1,"62":1,"63":1,"64":1,"65":0,"66":1,"67":1,"68":1,"69":1,"70":12,"71":12,"72":12,"73":78,"74":31,"75":31,"76":1,"77":4,"78":4,"79":48,"80":12,"81":1,"82":1,"83":1,"84":1,"85":1,"86":1,"87":1,"88":1,"89":1,"90":1},"f":{"0":1,"1":0,"2":1,"3":1,"4":1,"5":1,"6":1,"7":1,"8":1,"9":1,"10":48},"b":{"0":[1,0],"1":[1,1],"2":[3,0],"3":[0,1],"4":[1,1],"5":[1,0],"6":[1,0],"7":[31,47],"8":[4,0],"9":[12,36]},"_coverageSchema":"1a1c01bbd47fc00a2c39e90264f33305004495a9","hash":"db2e3298dba4bdb047696d1ff82b59836788d549"}
}
