TN:
SF:index.js
FN:6,(anonymous_0)
FN:8,(anonymous_1)
FN:39,(anonymous_2)
FN:43,(anonymous_3)
FN:54,(anonymous_4)
FN:68,(anonymous_5)
FN:77,(anonymous_6)
FN:87,(anonymous_7)
FN:109,(anonymous_8)
FN:136,(anonymous_9)
FN:155,(anonymous_10)
FNF:11
FNH:10
FNDA:1,(anonymous_0)
FNDA:0,(anonymous_1)
FNDA:1,(anonymous_2)
FNDA:1,(anonymous_3)
FNDA:1,(anonymous_4)
FNDA:1,(anonymous_5)
FNDA:1,(anonymous_6)
FNDA:1,(anonymous_7)
FNDA:1,(anonymous_8)
FNDA:1,(anonymous_9)
FNDA:48,(anonymous_10)
DA:2,1
DA:6,1
DA:7,1
DA:11,0
DA:13,0
DA:14,0
DA:15,0
DA:16,0
DA:17,0
DA:19,0
DA:20,0
DA:21,0
DA:22,0
DA:23,0
DA:24,0
DA:25,0
DA:32,0
DA:39,1
DA:40,1
DA:43,1
DA:45,1
DA:47,1
DA:48,1
DA:51,0
DA:54,1
DA:56,1
DA:58,1
DA:59,3
DA:60,3
DA:61,3
DA:64,1
DA:68,1
DA:70,1
DA:71,0
DA:73,1
DA:77,1
DA:79,1
DA:81,1
DA:82,2
DA:84,1
DA:87,1
DA:89,1
DA:92,1
DA:94,1
DA:95,1
DA:96,1
DA:98,1
DA:100,1
DA:101,1
DA:105,0
DA:106,0
DA:109,1
DA:111,1
DA:112,1
DA:114,1
DA:115,1
DA:116,1
DA:118,1
DA:120,0
DA:124,1
DA:125,1
DA:126,1
DA:128,1
DA:131,0
DA:136,1
DA:138,1
DA:140,1
DA:141,12
DA:143,12
DA:145,78
DA:146,31
DA:147,31
DA:152,1
DA:153,4
DA:155,4
DA:156,48
DA:157,12
DA:164,1
DA:167,1
DA:168,1
DA:169,1
DA:170,1
DA:171,1
DA:172,1
DA:173,1
DA:174,1
DA:175,1
LF:87
LH:67
BRDA:45,0,0,1
BRDA:45,0,1,0
BRDA:45,1,0,1
BRDA:45,1,1,1
BRDA:59,2,0,3
BRDA:59,2,1,0
BRDA:70,3,0,0
BRDA:70,3,1,1
BRDA:70,4,0,1
BRDA:70,4,1,1
BRDA:98,5,0,1
BRDA:98,5,1,0
BRDA:114,6,0,1
BRDA:114,6,1,0
BRDA:145,7,0,31
BRDA:145,7,1,47
BRDA:153,8,0,4
BRDA:153,8,1,0
BRDA:156,9,0,12
BRDA:156,9,1,36
BRF:20
BRH:14
end_of_record
