TN:
SF:index.js
FN:5,(anonymous_0)
FN:7,(anonymous_1)
FN:35,(anonymous_2)
FN:39,(anonymous_3)
FN:50,(anonymous_4)
FN:64,(anonymous_5)
FN:74,(anonymous_6)
FNF:7
FNH:6
FNDA:1,(anonymous_0)
FNDA:0,(anonymous_1)
FNDA:1,(anonymous_2)
FNDA:1,(anonymous_3)
FNDA:1,(anonymous_4)
FNDA:1,(anonymous_5)
FNDA:1,(anonymous_6)
DA:1,1
DA:2,1
DA:3,1
DA:5,1
DA:6,1
DA:10,0
DA:12,0
DA:13,0
DA:14,0
DA:15,0
DA:16,0
DA:18,0
DA:19,0
DA:22,0
DA:28,0
DA:35,1
DA:36,1
DA:39,1
DA:41,1
DA:43,1
DA:44,1
DA:47,0
DA:50,1
DA:52,1
DA:54,1
DA:55,3
DA:56,3
DA:57,3
DA:60,1
DA:64,1
DA:66,1
DA:67,0
DA:69,1
DA:74,1
DA:76,1
DA:78,1
DA:79,2
DA:81,1
DA:84,1
DA:85,1
DA:86,1
DA:87,1
DA:88,1
DA:89,1
DA:90,1
LF:45
LH:33
BRDA:41,0,0,1
BRDA:41,0,1,0
BRDA:41,1,0,1
BRDA:41,1,1,1
BRDA:55,2,0,3
BRDA:55,2,1,0
BRDA:66,3,0,0
BRDA:66,3,1,1
BRDA:66,4,0,1
BRDA:66,4,1,1
BRF:10
BRH:7
end_of_record
